{
  "stats": {
    "suites": 1,
    "tests": 3,
    "passes": 3,
    "pending": 0,
    "failures": 0,
    "start": "2021-02-08T05:10:25.103Z",
    "end": "2021-02-08T05:10:55.948Z",
    "duration": 30845,
    "testsRegistered": 3,
    "passPercent": 100,
    "pendingPercent": 0,
    "other": 0,
    "hasOther": false,
    "skipped": 0,
    "hasSkipped": false
  },
  "results": [
    {
      "uuid": "21bafd8d-ea8e-4581-b510-f90713530ab3",
      "title": "",
      "fullFile": "",
      "file": "",
      "beforeHooks": [],
      "afterHooks": [],
      "tests": [],
      "suites": [
        {
          "uuid": "469938fe-649a-47a7-a452-d02d975d19a0",
          "title": "library app scenarios",
          "fullFile": "C:\\Users\\GUILLERMOADRIANESTRA\\Desktop\\Selenium\\test\\libraryasserts.test.js",
          "file": "\\test\\libraryasserts.test.js",
          "beforeHooks": [
            {
              "title": "\"before each\" hook in \"library app scenarios\"",
              "fullTitle": "library app scenarios \"before each\" hook in \"library app scenarios\"",
              "timedOut": false,
              "duration": 2,
              "state": null,
              "speed": null,
              "pass": false,
              "fail": false,
              "pending": false,
              "context": null,
              "code": "//driver = new webdriver.Builder().forBrowser('firefox').build();\ndriver = new webdriver.Builder().withCapabilities(webdriver.Capabilities.firefox()).setFirefoxOptions(o).build();\ndriver.get('http://library-app.firebaseapp.com');\n//driver.manage().window().setPosition(0, -600);\n//driver.manage().window().maximize();",
              "err": {},
              "uuid": "e5b43df9-56d0-461c-8b71-201d8985d347",
              "parentUUID": "469938fe-649a-47a7-a452-d02d975d19a0",
              "isHook": true,
              "skipped": false
            }
          ],
          "afterHooks": [
            {
              "title": "\"after each\" hook in \"library app scenarios\"",
              "fullTitle": "library app scenarios \"after each\" hook in \"library app scenarios\"",
              "timedOut": false,
              "duration": 1,
              "state": null,
              "speed": null,
              "pass": false,
              "fail": false,
              "pending": false,
              "context": null,
              "code": "driver.quit();",
              "err": {},
              "uuid": "24d265de-91dc-40da-a59a-684d5d320307",
              "parentUUID": "469938fe-649a-47a7-a452-d02d975d19a0",
              "isHook": true,
              "skipped": false
            }
          ],
          "tests": [
            {
              "title": "Changes Button opacity when the email input filled out",
              "fullTitle": "library app scenarios Changes Button opacity when the email input filled out",
              "timedOut": false,
              "duration": 9306,
              "state": "passed",
              "speed": "slow",
              "pass": true,
              "fail": false,
              "pending": false,
              "context": null,
              "code": "var submitBtn = driver.findElement(By.css('.btn-primary'));\ndriver.findElement(By.css('input')).sendKeys('user@fakemail.com');\nreturn submitBtn.getCssValue('opacity').then(function(result){\nassert(result === '1');\n});",
              "err": {},
              "uuid": "933b435c-ccbf-47d7-9fc8-80f11761ad9a",
              "parentUUID": "469938fe-649a-47a7-a452-d02d975d19a0",
              "isHook": false,
              "skipped": false
            },
            {
              "title": "Writes, send and wait for the alert",
              "fullTitle": "library app scenarios Writes, send and wait for the alert",
              "timedOut": false,
              "duration": 11003,
              "state": "passed",
              "speed": "slow",
              "pass": true,
              "fail": false,
              "pending": false,
              "context": null,
              "code": "var submitBtn = driver.findElement(By.css('.btn-primary'));\ndriver.findElement(By.css('input')).sendKeys('user@fakemail.com');\nsubmitBtn.click();\ndriver.wait(until.elementLocated(By.css('.alert-success')), 5000);\ndriver.findElements(By.css('.alert-success')).then(function(result){\n  assert(result.length === 1, result.length + \" alert-success were found\")\n});",
              "err": {},
              "uuid": "b7a7c6b6-0814-4924-a95e-07888459bfa6",
              "parentUUID": "469938fe-649a-47a7-a452-d02d975d19a0",
              "isHook": false,
              "skipped": false
            },
            {
              "title": "Search for the button and NavBar",
              "fullTitle": "library app scenarios Search for the button and NavBar",
              "timedOut": false,
              "duration": 10492,
              "state": "passed",
              "speed": "slow",
              "pass": true,
              "fail": false,
              "pending": false,
              "context": null,
              "code": "var submitBtn = driver.findElements(By.css('.btn-primary')).then(function(result){\n  assert.equal(result.length, 1);\n});\ndriver.findElements(By.css('nav li')).then(function(elements){\n  elements.map(function(el){\n    el.getText().then(function(txt){\n      console.log(\"Found Nav Bar elements \" + txt);\n    });\n  });\n});",
              "err": {},
              "uuid": "fc2f33d9-a183-4d68-80f6-7a25ac8f7d78",
              "parentUUID": "469938fe-649a-47a7-a452-d02d975d19a0",
              "isHook": false,
              "skipped": false
            }
          ],
          "suites": [],
          "passes": [
            "933b435c-ccbf-47d7-9fc8-80f11761ad9a",
            "b7a7c6b6-0814-4924-a95e-07888459bfa6",
            "fc2f33d9-a183-4d68-80f6-7a25ac8f7d78"
          ],
          "failures": [],
          "pending": [],
          "skipped": [],
          "duration": 30801,
          "root": false,
          "rootEmpty": false,
          "_timeout": 40000
        }
      ],
      "passes": [],
      "failures": [],
      "pending": [],
      "skipped": [],
      "duration": 0,
      "root": true,
      "rootEmpty": true,
      "_timeout": 2000
    }
  ],
  "meta": {
    "mocha": {
      "version": "8.2.1"
    },
    "mochawesome": {
      "options": {
        "quiet": false,
        "reportFilename": "mochawesome",
        "saveHtml": true,
        "saveJson": true,
        "consoleReporter": "spec",
        "useInlineDiffs": false,
        "code": true
      },
      "version": "6.2.1"
    },
    "marge": {
      "options": {
        "autoOpen": "true"
      },
      "version": "5.1.0"
    }
  }
}